[WARN ] 12-wrz-2016 08:05:48 [common.util.IteraplanProperties] Could not access spring resources bundle, using fallback
[WARN ] 12-wrz-2016 08:05:54 [hibernate.orm.deprecation] HHH90000003: Use of DOM4J entity-mode is considered deprecated
[WARN ] 12-wrz-2016 08:05:54 [hibernate.orm.deprecation] HHH90000003: Use of DOM4J entity-mode is considered deprecated
[WARN ] 12-wrz-2016 08:05:54 [hibernate.orm.deprecation] HHH90000003: Use of DOM4J entity-mode is considered deprecated
[WARN ] 12-wrz-2016 08:05:54 [hibernate.orm.deprecation] HHH90000003: Use of DOM4J entity-mode is considered deprecated
[WARN ] 12-wrz-2016 08:05:54 [hibernate.orm.deprecation] HHH90000003: Use of DOM4J entity-mode is considered deprecated
[WARN ] 12-wrz-2016 08:05:54 [hibernate.orm.deprecation] HHH90000003: Use of DOM4J entity-mode is considered deprecated
[WARN ] 12-wrz-2016 08:05:54 [hibernate.orm.deprecation] HHH90000003: Use of DOM4J entity-mode is considered deprecated
[WARN ] 12-wrz-2016 08:05:54 [hibernate.orm.deprecation] HHH90000003: Use of DOM4J entity-mode is considered deprecated
[WARN ] 12-wrz-2016 08:05:54 [hibernate.orm.deprecation] HHH90000003: Use of DOM4J entity-mode is considered deprecated
[WARN ] 12-wrz-2016 08:05:54 [hibernate.orm.deprecation] HHH90000003: Use of DOM4J entity-mode is considered deprecated
[WARN ] 12-wrz-2016 08:05:54 [hibernate.orm.deprecation] HHH90000003: Use of DOM4J entity-mode is considered deprecated
[WARN ] 12-wrz-2016 08:05:54 [hibernate.orm.deprecation] HHH90000003: Use of DOM4J entity-mode is considered deprecated
[WARN ] 12-wrz-2016 08:05:54 [hibernate.orm.deprecation] HHH90000003: Use of DOM4J entity-mode is considered deprecated
[WARN ] 12-wrz-2016 08:05:54 [hibernate.orm.deprecation] HHH90000003: Use of DOM4J entity-mode is considered deprecated
[WARN ] 12-wrz-2016 08:05:54 [hibernate.orm.deprecation] HHH90000003: Use of DOM4J entity-mode is considered deprecated
[WARN ] 12-wrz-2016 08:05:54 [hibernate.orm.deprecation] HHH90000003: Use of DOM4J entity-mode is considered deprecated
[WARN ] 12-wrz-2016 08:05:54 [hibernate.orm.deprecation] HHH90000003: Use of DOM4J entity-mode is considered deprecated
[WARN ] 12-wrz-2016 08:05:54 [hibernate.orm.deprecation] HHH90000003: Use of DOM4J entity-mode is considered deprecated
[WARN ] 12-wrz-2016 08:05:54 [hibernate.orm.deprecation] HHH90000003: Use of DOM4J entity-mode is considered deprecated
[WARN ] 12-wrz-2016 08:05:54 [hibernate.orm.deprecation] HHH90000003: Use of DOM4J entity-mode is considered deprecated
[WARN ] 12-wrz-2016 08:05:54 [hibernate.orm.deprecation] HHH90000003: Use of DOM4J entity-mode is considered deprecated
[WARN ] 12-wrz-2016 08:05:54 [hibernate.orm.deprecation] HHH90000003: Use of DOM4J entity-mode is considered deprecated
[WARN ] 12-wrz-2016 08:05:54 [hibernate.orm.deprecation] HHH90000003: Use of DOM4J entity-mode is considered deprecated
[WARN ] 12-wrz-2016 08:05:54 [hibernate.orm.deprecation] HHH90000003: Use of DOM4J entity-mode is considered deprecated
[WARN ] 12-wrz-2016 08:05:54 [hibernate.orm.deprecation] HHH90000003: Use of DOM4J entity-mode is considered deprecated
[WARN ] 12-wrz-2016 08:05:54 [hibernate.orm.deprecation] HHH90000003: Use of DOM4J entity-mode is considered deprecated
[WARN ] 12-wrz-2016 08:05:54 [hibernate.orm.deprecation] HHH90000003: Use of DOM4J entity-mode is considered deprecated
[WARN ] 12-wrz-2016 08:05:54 [hibernate.orm.deprecation] HHH90000003: Use of DOM4J entity-mode is considered deprecated
[WARN ] 12-wrz-2016 08:05:54 [hibernate.orm.deprecation] HHH90000003: Use of DOM4J entity-mode is considered deprecated
[WARN ] 12-wrz-2016 08:05:54 [hibernate.orm.deprecation] HHH90000003: Use of DOM4J entity-mode is considered deprecated
[WARN ] 12-wrz-2016 08:05:54 [hibernate.orm.deprecation] HHH90000003: Use of DOM4J entity-mode is considered deprecated
[WARN ] 12-wrz-2016 08:05:54 [hibernate.orm.deprecation] HHH90000003: Use of DOM4J entity-mode is considered deprecated
[WARN ] 12-wrz-2016 08:05:54 [hibernate.orm.deprecation] HHH90000003: Use of DOM4J entity-mode is considered deprecated
[WARN ] 12-wrz-2016 08:05:54 [hibernate.orm.deprecation] HHH90000003: Use of DOM4J entity-mode is considered deprecated
[WARN ] 12-wrz-2016 08:05:54 [hibernate.orm.deprecation] HHH90000003: Use of DOM4J entity-mode is considered deprecated
[WARN ] 12-wrz-2016 08:05:54 [hibernate.orm.deprecation] HHH90000003: Use of DOM4J entity-mode is considered deprecated
[WARN ] 12-wrz-2016 08:06:02 [hibernate.orm.deprecation] HHH90000016: Found use of deprecated 'collection property' syntax in HQL/JPQL query [null.elements]; use collection function syntax instead [elements(null)].
[WARN ] 12-wrz-2016 08:06:02 [hibernate.orm.deprecation] HHH90000016: Found use of deprecated 'collection property' syntax in HQL/JPQL query [null.elements]; use collection function syntax instead [elements(null)].
[WARN ] 12-wrz-2016 08:06:02 [hibernate.orm.deprecation] HHH90000016: Found use of deprecated 'collection property' syntax in HQL/JPQL query [null.elements]; use collection function syntax instead [elements(null)].
[WARN ] 12-wrz-2016 08:06:02 [hibernate.orm.deprecation] HHH90000016: Found use of deprecated 'collection property' syntax in HQL/JPQL query [null.elements]; use collection function syntax instead [elements(null)].
[INFO ] 12-wrz-2016 08:06:12 [iteraplan.presentation.ContextListener] Build ID is 'Lite Edition v5.3.0-r25931'
[INFO ] 12-wrz-2016 08:06:12 [iteraplan.presentation.ContextListener] Audit logging is deactivated.
[INFO ] 12-wrz-2016 08:06:12 [iteraplan.presentation.ContextListener] Last modification logging is activated.
