/*C7*/SET SCHEMA PUBLIC
DISCONNECT
/*C9*/SET SCHEMA PUBLIC
DELETE FROM HIBERNATE_SEQUENCES WHERE SEQUENCE_NAME='bb'
INSERT INTO HIBERNATE_SEQUENCES VALUES('bb',768)
COMMIT
/*C10*/SET SCHEMA PUBLIC
INSERT INTO BB VALUES(767,0,8,'LiteUser','2016-09-12 08:09:45.051000',NULL)
INSERT INTO PROJ VALUES(767,'MyNewProject','Description this project','2016-10-03 00:00:00.000000','2016-11-30 00:00:00.000000',93,NULL)
DELETE FROM BB WHERE ID=93
INSERT INTO BB VALUES(93,148,8,'XmiImport','2016-08-22 17:09:53.405000',NULL)
DELETE FROM BB WHERE ID=104
INSERT INTO BB VALUES(104,109,8,'XmiImport','2016-08-22 17:09:53.405000',NULL)
DELETE FROM PROJ WHERE ID_BB=767
INSERT INTO PROJ VALUES(767,'MyNewProject','Description this project','2016-10-03 00:00:00.000000','2016-11-30 00:00:00.000000',93,8)
INSERT INTO PROJ_BASE VALUES(767,104)
COMMIT
DELETE FROM BB WHERE ID=93
INSERT INTO BB VALUES(93,149,8,'XmiImport','2016-08-22 17:09:53.405000',NULL)
DELETE FROM BB WHERE ID=104
INSERT INTO BB VALUES(104,110,8,'XmiImport','2016-08-22 17:09:53.405000',NULL)
DELETE FROM PROJ_BASE WHERE ID_PROJ=767 AND ID_BASE=104
DELETE FROM PROJ WHERE ID_BB=767
INSERT INTO PROJ VALUES(767,'MyNewProject','Description this project','2016-10-03 00:00:00.000000','2016-11-30 00:00:00.000000',NULL,NULL)
DELETE FROM PROJ WHERE ID_BB=767
DELETE FROM BB WHERE ID=767
COMMIT
/*C9*/DELETE FROM HIBERNATE_SEQUENCES WHERE SEQUENCE_NAME='bb'
INSERT INTO HIBERNATE_SEQUENCES VALUES('bb',769)
COMMIT
/*C10*/INSERT INTO BB VALUES(768,0,8,'LiteUser','2016-09-12 08:15:40.026000',NULL)
INSERT INTO PROJ VALUES(768,'MyNewProject','Description this project','2016-10-03 00:00:00.000000','2016-11-30 00:00:00.000000',93,NULL)
DELETE FROM BB WHERE ID=93
INSERT INTO BB VALUES(93,150,8,'XmiImport','2016-08-22 17:09:53.405000',NULL)
DELETE FROM BB WHERE ID=104
INSERT INTO BB VALUES(104,111,8,'XmiImport','2016-08-22 17:09:53.405000',NULL)
DELETE FROM PROJ WHERE ID_BB=768
INSERT INTO PROJ VALUES(768,'MyNewProject','Description this project','2016-10-03 00:00:00.000000','2016-11-30 00:00:00.000000',93,8)
INSERT INTO PROJ_BASE VALUES(768,104)
COMMIT
DELETE FROM BB WHERE ID=93
INSERT INTO BB VALUES(93,151,8,'XmiImport','2016-08-22 17:09:53.405000',NULL)
DELETE FROM BB WHERE ID=104
INSERT INTO BB VALUES(104,112,8,'XmiImport','2016-08-22 17:09:53.405000',NULL)
DELETE FROM PROJ_BASE WHERE ID_PROJ=768 AND ID_BASE=104
DELETE FROM PROJ WHERE ID_BB=768
INSERT INTO PROJ VALUES(768,'MyNewProject','Description this project','2016-10-03 00:00:00.000000','2016-11-30 00:00:00.000000',NULL,NULL)
DELETE FROM PROJ WHERE ID_BB=768
DELETE FROM BB WHERE ID=768
COMMIT
/*C8*/SET SCHEMA PUBLIC
DISCONNECT
/*C9*/DISCONNECT
/*C10*/DISCONNECT
